warn message-400.4015922546387-game_logic-30-1456369887.4004016-2016-02-25 11:11:27,400-TEST-LOG-WARNING-warn message-game_logic.py
error message-401.4017581939697-game_logic-40-1456369887.4014018-2016-02-25 11:11:27,401-TEST-LOG-ERROR-error message-game_logic.py
critical message-401.4017581939697-game_logic-50-1456369887.4014018-2016-02-25 11:11:27,401-TEST-LOG-CRITICAL-critical message-game_logic.py
warn message-775.5923271179199-game_logic-30-1456370115.7755923-2016-02-25 11:15:15,775-TEST-LOG-WARNING-warn message-game_logic.py
error message-775.5923271179199-game_logic-40-1456370115.7755923-2016-02-25 11:15:15,775-TEST-LOG-ERROR-error message-game_logic.py
critical message-776.592493057251-game_logic-50-1456370115.7765925-2016-02-25 11:15:15,776-TEST-LOG-CRITICAL-critical message-game_logic.py
2016-02-25 11:17:31,558-TEST-LOG-WARNING-warn message-game_logic.py
2016-02-25 11:17:31,558-TEST-LOG-ERROR-error message-game_logic.py
2016-02-25 11:17:31,559-TEST-LOG-CRITICAL-critical message-game_logic.py
2016-02-25 11:24:58,791-TEST_LOG-WARNING-warn message-game_logic.py
2016-02-25 11:24:58,791-TEST_LOG-ERROR-error message-game_logic.py
2016-02-25 11:24:58,791-TEST_LOG-CRITICAL-critical message-game_logic.py
2016-02-25 11:28:00,435-TEST_LOG-WARNING-warn message-game_logic.py
2016-02-25 11:28:00,435-TEST_LOG-ERROR-error message-game_logic.py
2016-02-25 11:28:00,435-TEST_LOG-CRITICAL-critical message-game_logic.py
2016-02-25 11:39:16,757-TEST_LOG-WARNING-warn message-game_logic.py
2016-02-25 11:39:16,758-TEST_LOG-ERROR-error message-game_logic.py
2016-02-25 11:39:16,758-TEST_LOG-CRITICAL-critical message-game_logic.py
2016-02-25 11:40:59,236-TEST_LOG-CRITICAL-critical message-game_logic.py
2016-02-25 14:15:01,574-TEST_LOG-CRITICAL-critical message-game_logic.py
2016-02-25 14:16:40,572-TEST_LOG-CRITICAL-critical message-game_logic.py
2016-02-25 14:22:39,105-TEST_LOG-CRITICAL-critical message-game_logic.py
2016-02-25 14:23:53,928-TEST_LOG-CRITICAL-critical message-game_logic.py
2016-02-25 14:26:07,696-TEST_LOG-CRITICAL-critical message-game_logic.py
2016-02-25 14:26:56,031-TEST_LOG-CRITICAL-critical message-game_logic.py
2016-02-25 14:27:59,527-TEST_LOG-CRITICAL-critical message-game_logic.py
2016-02-25 14:29:48,437-TEST_LOG-CRITICAL-critical message-game_logic.py
2016-02-25 14:30:29,125-TEST_LOG-CRITICAL-critical message-game_logic.py
2016-02-25 14:31:46,720-TEST_LOG-CRITICAL-critical message-game_logic.py
2016-02-25 14:34:05,236-TEST_LOG-CRITICAL-critical message-game_logic.py
2016-02-25 14:42:14,072-TEST_LOG-CRITICAL-critical message-game_logic.py
2016-02-25 14:45:28,152-TEST_LOG-CRITICAL-critical message-game_logic.py
2016-02-25 14:51:06,517-TEST_LOG-CRITICAL-critical message-game_logic.py
2016-02-25 14:53:16,519-TEST_LOG-CRITICAL-critical message-game_logic.py
2016-02-25 14:54:01,244-TEST_LOG-CRITICAL-critical message-game_logic.py
2016-02-25 14:54:01,244-TEST_LOG-CRITICAL-critical message-game_logic.py
2016-02-25 14:55:50,461-TEST_LOG-CRITICAL-critical message-game_logic.py
2016-02-25 14:58:27,146-TEST_LOG-CRITICAL-critical message-game_logic.py
2016-02-25 14:59:17,242-TEST_LOG-CRITICAL-critical message-game_logic.py
2016-02-25 15:01:17,872-TEST_LOG-CRITICAL-critical message-game_logic.py
2016-02-25 15:02:06,201-TEST_LOG-CRITICAL-critical message-game_logic.py
2016-02-25 15:02:18,823-TEST_LOG-CRITICAL-critical message-game_logic.py
2016-02-25 15:02:18,823-TEST_LOG-CRITICAL-critical message-game_logic.py
2016-02-25 15:02:31,296-TEST_LOG-CRITICAL-critical message-game_logic.py
2016-02-25 15:02:31,296-TEST_LOG-CRITICAL-critical message-game_logic.py
2016-02-25 15:02:31,296-TEST_LOG-CRITICAL-critical message-game_logic.py
2016-02-25 15:06:01,131-TEST_LOG-CRITICAL-critical message-game_logic.py
2016-02-25 15:07:04,070-TEST_LOG-CRITICAL-critical message-game_logic.py
2016-02-25 15:12:53,300-TEST_LOG-CRITICAL-critical message-game_logic.py
2016-02-25 15:13:56,363-TEST_LOG-CRITICAL-critical message-game_logic.py
2016-02-25 15:17:47,449-TEST_LOG-CRITICAL-critical message-game_logic.py
2016-02-25 15:18:20,546-TEST_LOG-CRITICAL-critical message-game_logic.py
2016-02-25 15:18:20,546-TEST_LOG-CRITICAL-critical message-game_logic.py
2016-02-25 15:19:14,528-TEST_LOG-CRITICAL-critical message-game_logic.py
2016-02-25 15:26:37,094-TEST_LOG-CRITICAL-critical message-game_logic.py
2016-02-25 15:27:06,198-TEST_LOG-CRITICAL-critical message-game_logic.py
2016-02-25 15:27:18,414-TEST_LOG-CRITICAL-critical message-game_logic.py
2016-02-25 15:27:53,525-TEST_LOG-CRITICAL-critical message-game_logic.py
2016-02-25 15:29:03,821-TEST_LOG-CRITICAL-critical message-game_logic.py
2016-02-25 15:29:20,317-TEST_LOG-CRITICAL-critical message-game_logic.py
2016-02-25 15:29:20,317-TEST_LOG-CRITICAL-critical message-game_logic.py
2016-02-25 15:29:32,862-TEST_LOG-CRITICAL-critical message-game_logic.py
2016-02-25 15:29:32,862-TEST_LOG-CRITICAL-critical message-game_logic.py
2016-02-25 15:29:32,862-TEST_LOG-CRITICAL-critical message-game_logic.py
2016-02-25 15:30:20,076-TEST_LOG-CRITICAL-critical message-game_logic.py
2016-02-25 15:30:20,076-TEST_LOG-CRITICAL-critical message-game_logic.py
2016-02-25 15:30:20,076-TEST_LOG-CRITICAL-critical message-game_logic.py
2016-02-25 15:30:20,076-TEST_LOG-CRITICAL-critical message-game_logic.py
2016-02-25 15:30:30,364-TEST_LOG-CRITICAL-critical message-game_logic.py
2016-02-25 15:30:30,364-TEST_LOG-CRITICAL-critical message-game_logic.py
2016-02-25 15:30:30,364-TEST_LOG-CRITICAL-critical message-game_logic.py
2016-02-25 15:30:30,364-TEST_LOG-CRITICAL-critical message-game_logic.py
2016-02-25 15:30:30,364-TEST_LOG-CRITICAL-critical message-game_logic.py
2016-02-25 15:30:37,916-TEST_LOG-CRITICAL-critical message-game_logic.py
2016-02-25 15:30:37,916-TEST_LOG-CRITICAL-critical message-game_logic.py
2016-02-25 15:30:37,916-TEST_LOG-CRITICAL-critical message-game_logic.py
2016-02-25 15:30:37,916-TEST_LOG-CRITICAL-critical message-game_logic.py
2016-02-25 15:30:37,916-TEST_LOG-CRITICAL-critical message-game_logic.py
2016-02-25 15:30:37,916-TEST_LOG-CRITICAL-critical message-game_logic.py
2016-02-25 15:30:59,916-TEST_LOG-CRITICAL-critical message-game_logic.py
2016-02-25 15:30:59,916-TEST_LOG-CRITICAL-critical message-game_logic.py
2016-02-25 15:30:59,916-TEST_LOG-CRITICAL-critical message-game_logic.py
2016-02-25 15:30:59,916-TEST_LOG-CRITICAL-critical message-game_logic.py
2016-02-25 15:30:59,916-TEST_LOG-CRITICAL-critical message-game_logic.py
2016-02-25 15:30:59,916-TEST_LOG-CRITICAL-critical message-game_logic.py
2016-02-25 15:30:59,916-TEST_LOG-CRITICAL-critical message-game_logic.py
2016-02-25 15:31:44,235-TEST_LOG-CRITICAL-critical message-game_logic.py
2016-02-25 15:31:53,692-TEST_LOG-CRITICAL-critical message-game_logic.py
2016-02-25 15:31:53,692-TEST_LOG-CRITICAL-critical message-game_logic.py
2016-02-25 15:34:04,786-TEST_LOG-CRITICAL-critical message-game_logic.py
2016-02-25 15:34:46,245-TEST_LOG-CRITICAL-critical message-game_logic.py
2016-02-25 15:36:09,874-TEST_LOG-CRITICAL-critical message-game_logic.py
2016-02-25 15:36:34,366-TEST_LOG-CRITICAL-critical message-game_logic.py
2016-02-25 15:36:34,366-TEST_LOG-CRITICAL-critical message-game_logic.py
2016-02-25 15:38:52,760-TEST_LOG-CRITICAL-critical message-game_logic.py
2016-02-25 15:39:04,449-TEST_LOG-CRITICAL-critical message-game_logic.py
2016-02-25 15:39:04,449-TEST_LOG-CRITICAL-critical message-game_logic.py
2016-02-25 15:39:18,920-TEST_LOG-CRITICAL-critical message-game_logic.py
2016-02-25 15:39:18,920-TEST_LOG-CRITICAL-critical message-game_logic.py
2016-02-25 15:39:18,920-TEST_LOG-CRITICAL-critical message-game_logic.py
2016-02-25 15:39:39,648-TEST_LOG-CRITICAL-critical message-game_logic.py
2016-02-25 15:39:39,648-TEST_LOG-CRITICAL-critical message-game_logic.py
2016-02-25 15:39:39,648-TEST_LOG-CRITICAL-critical message-game_logic.py
2016-02-25 15:39:39,648-TEST_LOG-CRITICAL-critical message-game_logic.py
2016-02-25 15:39:50,712-TEST_LOG-CRITICAL-critical message-game_logic.py
2016-02-25 15:39:50,712-TEST_LOG-CRITICAL-critical message-game_logic.py
2016-02-25 15:39:50,712-TEST_LOG-CRITICAL-critical message-game_logic.py
2016-02-25 15:39:50,712-TEST_LOG-CRITICAL-critical message-game_logic.py
2016-02-25 15:39:50,712-TEST_LOG-CRITICAL-critical message-game_logic.py
2016-02-25 15:40:12,224-TEST_LOG-CRITICAL-critical message-game_logic.py
2016-02-25 15:40:12,224-TEST_LOG-CRITICAL-critical message-game_logic.py
2016-02-25 15:40:12,224-TEST_LOG-CRITICAL-critical message-game_logic.py
2016-02-25 15:40:12,224-TEST_LOG-CRITICAL-critical message-game_logic.py
2016-02-25 15:40:12,224-TEST_LOG-CRITICAL-critical message-game_logic.py
2016-02-25 15:40:12,224-TEST_LOG-CRITICAL-critical message-game_logic.py
2016-02-25 15:42:01,607-TEST_LOG-CRITICAL-critical message-game_logic.py
2016-02-25 15:42:16,535-TEST_LOG-CRITICAL-critical message-game_logic.py
2016-02-25 15:42:16,535-TEST_LOG-CRITICAL-critical message-game_logic.py
2016-02-25 15:43:12,833-TEST_LOG-CRITICAL-critical message-game_logic.py
2016-02-25 15:43:12,833-TEST_LOG-CRITICAL-critical message-game_logic.py
2016-02-25 15:43:12,833-TEST_LOG-CRITICAL-critical message-game_logic.py
2016-02-25 15:43:29,151-TEST_LOG-CRITICAL-critical message-game_logic.py
2016-02-25 15:43:29,151-TEST_LOG-CRITICAL-critical message-game_logic.py
2016-02-25 15:43:29,151-TEST_LOG-CRITICAL-critical message-game_logic.py
2016-02-25 15:43:29,151-TEST_LOG-CRITICAL-critical message-game_logic.py
2016-02-25 15:43:47,767-TEST_LOG-CRITICAL-critical message-game_logic.py
2016-02-25 15:43:47,767-TEST_LOG-CRITICAL-critical message-game_logic.py
2016-02-25 15:43:47,767-TEST_LOG-CRITICAL-critical message-game_logic.py
2016-02-25 15:43:47,767-TEST_LOG-CRITICAL-critical message-game_logic.py
2016-02-25 15:43:47,767-TEST_LOG-CRITICAL-critical message-game_logic.py
2016-02-25 15:44:10,118-TEST_LOG-CRITICAL-critical message-game_logic.py
2016-02-25 15:44:10,118-TEST_LOG-CRITICAL-critical message-game_logic.py
2016-02-25 15:44:10,118-TEST_LOG-CRITICAL-critical message-game_logic.py
2016-02-25 15:44:10,118-TEST_LOG-CRITICAL-critical message-game_logic.py
2016-02-25 15:44:10,118-TEST_LOG-CRITICAL-critical message-game_logic.py
2016-02-25 15:44:10,118-TEST_LOG-CRITICAL-critical message-game_logic.py
2016-02-25 15:45:34,014-TEST_LOG-CRITICAL-critical message-game_logic.py
2016-02-25 15:45:34,014-TEST_LOG-CRITICAL-critical message-game_logic.py
2016-02-25 15:45:34,014-TEST_LOG-CRITICAL-critical message-game_logic.py
2016-02-25 15:45:34,014-TEST_LOG-CRITICAL-critical message-game_logic.py
2016-02-25 15:45:34,014-TEST_LOG-CRITICAL-critical message-game_logic.py
2016-02-25 15:45:34,014-TEST_LOG-CRITICAL-critical message-game_logic.py
2016-02-25 15:45:34,014-TEST_LOG-CRITICAL-critical message-game_logic.py
2016-02-25 15:46:04,838-TEST_LOG-CRITICAL-critical message-game_logic.py
2016-02-25 15:46:04,838-TEST_LOG-CRITICAL-critical message-game_logic.py
2016-02-25 15:46:04,838-TEST_LOG-CRITICAL-critical message-game_logic.py
2016-02-25 15:46:04,838-TEST_LOG-CRITICAL-critical message-game_logic.py
2016-02-25 15:46:04,838-TEST_LOG-CRITICAL-critical message-game_logic.py
2016-02-25 15:46:04,838-TEST_LOG-CRITICAL-critical message-game_logic.py
2016-02-25 15:46:04,838-TEST_LOG-CRITICAL-critical message-game_logic.py
2016-02-25 15:46:04,838-TEST_LOG-CRITICAL-critical message-game_logic.py
2016-02-25 15:46:25,954-TEST_LOG-CRITICAL-critical message-game_logic.py
2016-02-25 15:46:25,954-TEST_LOG-CRITICAL-critical message-game_logic.py
2016-02-25 15:46:25,954-TEST_LOG-CRITICAL-critical message-game_logic.py
2016-02-25 15:46:25,954-TEST_LOG-CRITICAL-critical message-game_logic.py
2016-02-25 15:46:25,954-TEST_LOG-CRITICAL-critical message-game_logic.py
2016-02-25 15:46:25,954-TEST_LOG-CRITICAL-critical message-game_logic.py
2016-02-25 15:46:25,954-TEST_LOG-CRITICAL-critical message-game_logic.py
2016-02-25 15:46:25,954-TEST_LOG-CRITICAL-critical message-game_logic.py
2016-02-25 15:46:25,954-TEST_LOG-CRITICAL-critical message-game_logic.py
2016-02-25 15:46:37,519-TEST_LOG-CRITICAL-critical message-game_logic.py
2016-02-25 15:46:37,519-TEST_LOG-CRITICAL-critical message-game_logic.py
2016-02-25 15:46:37,519-TEST_LOG-CRITICAL-critical message-game_logic.py
2016-02-25 15:46:37,519-TEST_LOG-CRITICAL-critical message-game_logic.py
2016-02-25 15:46:37,519-TEST_LOG-CRITICAL-critical message-game_logic.py
2016-02-25 15:46:37,519-TEST_LOG-CRITICAL-critical message-game_logic.py
2016-02-25 15:46:37,519-TEST_LOG-CRITICAL-critical message-game_logic.py
2016-02-25 15:46:37,519-TEST_LOG-CRITICAL-critical message-game_logic.py
2016-02-25 15:46:37,519-TEST_LOG-CRITICAL-critical message-game_logic.py
2016-02-25 15:46:37,519-TEST_LOG-CRITICAL-critical message-game_logic.py
2016-02-25 16:01:51,607-TEST_LOG-CRITICAL-critical message-game_logic.py
2016-02-25 16:01:58,655-TEST_LOG-CRITICAL-critical message-game_logic.py
2016-02-25 16:01:58,655-TEST_LOG-CRITICAL-critical message-game_logic.py
2016-02-25 16:02:13,687-TEST_LOG-CRITICAL-critical message-game_logic.py
2016-02-25 16:02:13,687-TEST_LOG-CRITICAL-critical message-game_logic.py
2016-02-25 16:02:13,687-TEST_LOG-CRITICAL-critical message-game_logic.py
2016-02-25 18:39:05,751-TEST_LOG-CRITICAL-critical message-game_logic.py
